<?xml version="1.0" encoding="UTF-8" ?>
<testsuite failures="0" time="18.199" errors="0" skipped="0" tests="3" name="com.innowhite.playbackapp.OrderPersistenceTests">
  <properties>
[...]
</properties>
  <testcase time="17.623" classname="com.innowhite.playbackapp.OrderPersistenceTests" name="testSaveOrderWithItems"/>
  <testcase time="0.078" classname="com.innowhite.playbackapp.OrderPersistenceTests" name="testSaveAndGet"/>
  <testcase time="0.362" classname="com.innowhite.playbackapp.OrderPersistenceTests" name="testSaveAndFind"/>
</testsuite>